<?xml version="1.0" encoding="UTF-8"?>
<testng-results ignored="0" total="7" passed="7" failed="0" skipped="0">
  <reporter-output>
  </reporter-output>
  <suite started-at="2022-10-28T00:12:39Z" name="AutomationTest" finished-at="2022-10-28T00:12:40Z" duration-ms="930">
    <groups>
      <group name="cucumber">
        <method signature="AbstractTestNGCucumberTests.runScenario(io.cucumber.testng.PickleWrapper, io.cucumber.testng.FeatureWrapper)[pri:0, instance:Com.SauceDemo.Runner.RunnerClass@6d1ef78d]" name="runScenario" class="io.cucumber.testng.AbstractTestNGCucumberTests"/>
      </group> <!-- cucumber -->
    </groups>
    <test started-at="2022-10-28T00:12:39Z" name="default Test" finished-at="2022-10-28T00:12:40Z" duration-ms="930">
      <class name="Com.SauceDemo.Runner.RunnerClass">
        <test-method is-config="true" signature="setUpClass(org.testng.ITestContext)[pri:0, instance:Com.SauceDemo.Runner.RunnerClass@6d1ef78d]" started-at="2022-10-28T00:12:39Z" name="setUpClass" finished-at="2022-10-28T00:12:39Z" duration-ms="352" status="PASS">
          <params>
            <param index="0">
              <value>
                <![CDATA[org.testng.TestRunner@6de30571]]>
              </value>
            </param>
          </params>
          <reporter-output>
          </reporter-output>
        </test-method> <!-- setUpClass -->
        <test-method signature="runScenario(io.cucumber.testng.PickleWrapper, io.cucumber.testng.FeatureWrapper)[pri:0, instance:Com.SauceDemo.Runner.RunnerClass@6d1ef78d]" started-at="2022-10-28T00:12:39Z" name="runScenario" description="Runs Cucumber Scenarios" data-provider="scenarios" finished-at="2022-10-28T00:12:40Z" duration-ms="130" status="PASS">
          <params>
            <param index="0">
              <value>
                <![CDATA["User is able to Add Product On the Cart"]]>
              </value>
            </param>
            <param index="1">
              <value>
                <![CDATA["Testing LogIn and Checkout Functionality to the WebApplication"]]>
              </value>
            </param>
          </params>
          <reporter-output>
          </reporter-output>
        </test-method> <!-- runScenario -->
        <test-method signature="runScenario(io.cucumber.testng.PickleWrapper, io.cucumber.testng.FeatureWrapper)[pri:0, instance:Com.SauceDemo.Runner.RunnerClass@6d1ef78d]" started-at="2022-10-28T00:12:40Z" name="runScenario" description="Runs Cucumber Scenarios" data-provider="scenarios" finished-at="2022-10-28T00:12:40Z" duration-ms="26" status="PASS">
          <params>
            <param index="0">
              <value>
                <![CDATA["User is able to  Successfully Log Out"]]>
              </value>
            </param>
            <param index="1">
              <value>
                <![CDATA["Testing LogIn and Checkout Functionality to the WebApplication"]]>
              </value>
            </param>
          </params>
          <reporter-output>
          </reporter-output>
        </test-method> <!-- runScenario -->
        <test-method signature="runScenario(io.cucumber.testng.PickleWrapper, io.cucumber.testng.FeatureWrapper)[pri:0, instance:Com.SauceDemo.Runner.RunnerClass@6d1ef78d]" started-at="2022-10-28T00:12:40Z" name="runScenario" description="Runs Cucumber Scenarios" data-provider="scenarios" finished-at="2022-10-28T00:12:40Z" duration-ms="23" status="PASS">
          <params>
            <param index="0">
              <value>
                <![CDATA["This Scenario tests all the invalid username and password."]]>
              </value>
            </param>
            <param index="1">
              <value>
                <![CDATA["Testing  Functionality to the Application"]]>
              </value>
            </param>
          </params>
          <reporter-output>
          </reporter-output>
        </test-method> <!-- runScenario -->
        <test-method signature="runScenario(io.cucumber.testng.PickleWrapper, io.cucumber.testng.FeatureWrapper)[pri:0, instance:Com.SauceDemo.Runner.RunnerClass@6d1ef78d]" started-at="2022-10-28T00:12:40Z" name="runScenario" description="Runs Cucumber Scenarios" data-provider="scenarios" finished-at="2022-10-28T00:12:40Z" duration-ms="10" status="PASS">
          <params>
            <param index="0">
              <value>
                <![CDATA["This Scenario tests all the invalid username and password."]]>
              </value>
            </param>
            <param index="1">
              <value>
                <![CDATA["Testing  Functionality to the Application"]]>
              </value>
            </param>
          </params>
          <reporter-output>
          </reporter-output>
        </test-method> <!-- runScenario -->
        <test-method signature="runScenario(io.cucumber.testng.PickleWrapper, io.cucumber.testng.FeatureWrapper)[pri:0, instance:Com.SauceDemo.Runner.RunnerClass@6d1ef78d]" started-at="2022-10-28T00:12:40Z" name="runScenario" description="Runs Cucumber Scenarios" data-provider="scenarios" finished-at="2022-10-28T00:12:40Z" duration-ms="16" status="PASS">
          <params>
            <param index="0">
              <value>
                <![CDATA["This Scenario tests all the invalid username and password."]]>
              </value>
            </param>
            <param index="1">
              <value>
                <![CDATA["Testing  Functionality to the Application"]]>
              </value>
            </param>
          </params>
          <reporter-output>
          </reporter-output>
        </test-method> <!-- runScenario -->
        <test-method signature="runScenario(io.cucumber.testng.PickleWrapper, io.cucumber.testng.FeatureWrapper)[pri:0, instance:Com.SauceDemo.Runner.RunnerClass@6d1ef78d]" started-at="2022-10-28T00:12:40Z" name="runScenario" description="Runs Cucumber Scenarios" data-provider="scenarios" finished-at="2022-10-28T00:12:40Z" duration-ms="9" status="PASS">
          <params>
            <param index="0">
              <value>
                <![CDATA["This Scenario tests all the invalid username and password."]]>
              </value>
            </param>
            <param index="1">
              <value>
                <![CDATA["Testing  Functionality to the Application"]]>
              </value>
            </param>
          </params>
          <reporter-output>
          </reporter-output>
        </test-method> <!-- runScenario -->
        <test-method signature="runScenario(io.cucumber.testng.PickleWrapper, io.cucumber.testng.FeatureWrapper)[pri:0, instance:Com.SauceDemo.Runner.RunnerClass@6d1ef78d]" started-at="2022-10-28T00:12:40Z" name="runScenario" description="Runs Cucumber Scenarios" data-provider="scenarios" finished-at="2022-10-28T00:12:40Z" duration-ms="15" status="PASS">
          <params>
            <param index="0">
              <value>
                <![CDATA["This Scenario tests all the invalid username and password."]]>
              </value>
            </param>
            <param index="1">
              <value>
                <![CDATA["Testing  Functionality to the Application"]]>
              </value>
            </param>
          </params>
          <reporter-output>
          </reporter-output>
        </test-method> <!-- runScenario -->
        <test-method is-config="true" signature="tearDownClass()[pri:0, instance:Com.SauceDemo.Runner.RunnerClass@6d1ef78d]" started-at="2022-10-28T00:12:40Z" name="tearDownClass" finished-at="2022-10-28T00:12:40Z" duration-ms="327" status="PASS">
          <reporter-output>
          </reporter-output>
        </test-method> <!-- tearDownClass -->
      </class> <!-- Com.SauceDemo.Runner.RunnerClass -->
    </test> <!-- default Test -->
  </suite> <!-- AutomationTest -->
</testng-results>
