<?xml version="1.0" encoding="UTF-8"?>
<testng-results ignored="0" total="7" passed="7" failed="0" skipped="0">
  <reporter-output>
  </reporter-output>
  <suite started-at="2022-11-22T20:17:36Z" name="Default suite" finished-at="2022-11-22T20:18:49Z" duration-ms="72467">
    <groups>
      <group name="cucumber">
        <method signature="AbstractTestNGCucumberTests.runScenario(io.cucumber.testng.PickleWrapper, io.cucumber.testng.FeatureWrapper)[pri:0, instance:Com.SauceDemo.Runner.RunnerClass1@62e20a76]" name="runScenario" class="io.cucumber.testng.AbstractTestNGCucumberTests"/>
      </group> <!-- cucumber -->
    </groups>
    <test started-at="2022-11-22T20:17:36Z" name="Default test" finished-at="2022-11-22T20:18:49Z" duration-ms="72467">
      <class name="Com.SauceDemo.Runner.RunnerClass1">
        <test-method is-config="true" signature="setUpClass(org.testng.ITestContext)[pri:0, instance:Com.SauceDemo.Runner.RunnerClass1@62e20a76]" started-at="2022-11-22T20:17:36Z" name="setUpClass" finished-at="2022-11-22T20:17:37Z" duration-ms="387" status="PASS">
          <params>
            <param index="0">
              <value>
                <![CDATA[org.testng.TestRunner@23afc725]]>
              </value>
            </param>
          </params>
          <reporter-output>
          </reporter-output>
        </test-method> <!-- setUpClass -->
        <test-method signature="runScenario(io.cucumber.testng.PickleWrapper, io.cucumber.testng.FeatureWrapper)[pri:0, instance:Com.SauceDemo.Runner.RunnerClass1@62e20a76]" started-at="2022-11-22T20:17:37Z" name="runScenario" description="Runs Cucumber Scenarios" data-provider="scenarios" finished-at="2022-11-22T20:17:50Z" duration-ms="13491" status="PASS">
          <params>
            <param index="0">
              <value>
                <![CDATA["User is able to Add Product On the Cart"]]>
              </value>
            </param>
            <param index="1">
              <value>
                <![CDATA["Testing LogIn and Checkout Functionality to the WebApplication"]]>
              </value>
            </param>
          </params>
          <reporter-output>
          </reporter-output>
        </test-method> <!-- runScenario -->
        <test-method signature="runScenario(io.cucumber.testng.PickleWrapper, io.cucumber.testng.FeatureWrapper)[pri:0, instance:Com.SauceDemo.Runner.RunnerClass1@62e20a76]" started-at="2022-11-22T20:17:50Z" name="runScenario" description="Runs Cucumber Scenarios" data-provider="scenarios" finished-at="2022-11-22T20:18:00Z" duration-ms="9501" status="PASS">
          <params>
            <param index="0">
              <value>
                <![CDATA["User is able to  Successfully Log Out"]]>
              </value>
            </param>
            <param index="1">
              <value>
                <![CDATA["Testing LogIn and Checkout Functionality to the WebApplication"]]>
              </value>
            </param>
          </params>
          <reporter-output>
          </reporter-output>
        </test-method> <!-- runScenario -->
        <test-method signature="runScenario(io.cucumber.testng.PickleWrapper, io.cucumber.testng.FeatureWrapper)[pri:0, instance:Com.SauceDemo.Runner.RunnerClass1@62e20a76]" started-at="2022-11-22T20:18:00Z" name="runScenario" description="Runs Cucumber Scenarios" data-provider="scenarios" finished-at="2022-11-22T20:18:10Z" duration-ms="9748" status="PASS">
          <params>
            <param index="0">
              <value>
                <![CDATA["This Scenario tests all the invalid username and password."]]>
              </value>
            </param>
            <param index="1">
              <value>
                <![CDATA["Testing  Functionality to the Application"]]>
              </value>
            </param>
          </params>
          <reporter-output>
          </reporter-output>
        </test-method> <!-- runScenario -->
        <test-method signature="runScenario(io.cucumber.testng.PickleWrapper, io.cucumber.testng.FeatureWrapper)[pri:0, instance:Com.SauceDemo.Runner.RunnerClass1@62e20a76]" started-at="2022-11-22T20:18:10Z" name="runScenario" description="Runs Cucumber Scenarios" data-provider="scenarios" finished-at="2022-11-22T20:18:19Z" duration-ms="9834" status="PASS">
          <params>
            <param index="0">
              <value>
                <![CDATA["This Scenario tests all the invalid username and password."]]>
              </value>
            </param>
            <param index="1">
              <value>
                <![CDATA["Testing  Functionality to the Application"]]>
              </value>
            </param>
          </params>
          <reporter-output>
          </reporter-output>
        </test-method> <!-- runScenario -->
        <test-method signature="runScenario(io.cucumber.testng.PickleWrapper, io.cucumber.testng.FeatureWrapper)[pri:0, instance:Com.SauceDemo.Runner.RunnerClass1@62e20a76]" started-at="2022-11-22T20:18:19Z" name="runScenario" description="Runs Cucumber Scenarios" data-provider="scenarios" finished-at="2022-11-22T20:18:29Z" duration-ms="9847" status="PASS">
          <params>
            <param index="0">
              <value>
                <![CDATA["This Scenario tests all the invalid username and password."]]>
              </value>
            </param>
            <param index="1">
              <value>
                <![CDATA["Testing  Functionality to the Application"]]>
              </value>
            </param>
          </params>
          <reporter-output>
          </reporter-output>
        </test-method> <!-- runScenario -->
        <test-method signature="runScenario(io.cucumber.testng.PickleWrapper, io.cucumber.testng.FeatureWrapper)[pri:0, instance:Com.SauceDemo.Runner.RunnerClass1@62e20a76]" started-at="2022-11-22T20:18:29Z" name="runScenario" description="Runs Cucumber Scenarios" data-provider="scenarios" finished-at="2022-11-22T20:18:39Z" duration-ms="9677" status="PASS">
          <params>
            <param index="0">
              <value>
                <![CDATA["This Scenario tests all the invalid username and password."]]>
              </value>
            </param>
            <param index="1">
              <value>
                <![CDATA["Testing  Functionality to the Application"]]>
              </value>
            </param>
          </params>
          <reporter-output>
          </reporter-output>
        </test-method> <!-- runScenario -->
        <test-method signature="runScenario(io.cucumber.testng.PickleWrapper, io.cucumber.testng.FeatureWrapper)[pri:0, instance:Com.SauceDemo.Runner.RunnerClass1@62e20a76]" started-at="2022-11-22T20:18:39Z" name="runScenario" description="Runs Cucumber Scenarios" data-provider="scenarios" finished-at="2022-11-22T20:18:49Z" duration-ms="9682" status="PASS">
          <params>
            <param index="0">
              <value>
                <![CDATA["This Scenario tests all the invalid username and password."]]>
              </value>
            </param>
            <param index="1">
              <value>
                <![CDATA["Testing  Functionality to the Application"]]>
              </value>
            </param>
          </params>
          <reporter-output>
          </reporter-output>
        </test-method> <!-- runScenario -->
        <test-method is-config="true" signature="tearDownClass()[pri:0, instance:Com.SauceDemo.Runner.RunnerClass1@62e20a76]" started-at="2022-11-22T20:18:49Z" name="tearDownClass" finished-at="2022-11-22T20:18:49Z" duration-ms="250" status="PASS">
          <reporter-output>
          </reporter-output>
        </test-method> <!-- tearDownClass -->
      </class> <!-- Com.SauceDemo.Runner.RunnerClass1 -->
    </test> <!-- Default test -->
  </suite> <!-- Default suite -->
</testng-results>
